2021-11-29 09:50:20 [ERROR]panic: runtime error: invalid memory address or nil pointer dereference
21: runtime.goexit@/usr/local/go/src/runtime/asm_amd64.s:1581
20: net/http.(*conn).serve@/usr/local/go/src/net/http/server.go:1929
19: net/http.serverHandler.ServeHTTP@/usr/local/go/src/net/http/server.go:2878
18: github.com/gin-gonic/gin.(*Engine).ServeHTTP@/go/pkg/mod/github.com/gin-gonic/gin@v1.7.4/gin.go:445
17: github.com/gin-gonic/gin.(*Engine).handleHTTPRequest@/go/pkg/mod/github.com/gin-gonic/gin@v1.7.4/gin.go:489
16: github.com/gin-gonic/gin.(*Context).Next@/go/pkg/mod/github.com/gin-gonic/gin@v1.7.4/context.go:165
15: github.com/gin-gonic/gin.LoggerWithConfig.func1@/go/pkg/mod/github.com/gin-gonic/gin@v1.7.4/logger.go:241
14: github.com/gin-gonic/gin.(*Context).Next@/go/pkg/mod/github.com/gin-gonic/gin@v1.7.4/context.go:165
13: github.com/gin-gonic/gin.CustomRecoveryWithWriter.func1@/go/pkg/mod/github.com/gin-gonic/gin@v1.7.4/recovery.go:99
12: github.com/gin-gonic/gin.(*Context).Next@/go/pkg/mod/github.com/gin-gonic/gin@v1.7.4/context.go:165
11: github.com/gin-contrib/sessions.Sessions.func1@/go/pkg/mod/github.com/gin-contrib/sessions@v0.0.3/sessions.go:52
10: github.com/gin-gonic/gin.(*Context).Next@/go/pkg/mod/github.com/gin-gonic/gin@v1.7.4/context.go:165
09: app/src/handler.Wrap.func1@/go/idolverse/src/handler/base_handler.go:337
08: app/src/handler.Run@/go/idolverse/src/handler/base_handler.go:306
07: app/src/handler.(*ChatroomHandler).Process@/go/idolverse/src/handler/chatroom.go:23
06: app/src/handler.(*BaseHandler).WriteHtml@/go/idolverse/src/handler/base_handler.go:211
05: github.com/gin-gonic/gin.(*Context).HTML@/go/pkg/mod/github.com/gin-gonic/gin@v1.7.4/context.go:922
04: runtime.sigpanic@/usr/local/go/src/runtime/signal_unix.go:735
03: runtime.panicmem@/usr/local/go/src/runtime/panic.go:221
02: runtime.gopanic@/usr/local/go/src/runtime/panic.go:1038
01: app/src/handler.Wrap.func1.1@/go/idolverse/src/handler/base_handler.go:322
00: app/src/lib/error.StackTrace@/go/idolverse/src/lib/error/trace.go:50
2021-11-29 09:51:47 [ERROR]panic: runtime error: invalid memory address or nil pointer dereference
21: runtime.goexit@/usr/local/go/src/runtime/asm_amd64.s:1581
20: net/http.(*conn).serve@/usr/local/go/src/net/http/server.go:1929
19: net/http.serverHandler.ServeHTTP@/usr/local/go/src/net/http/server.go:2878
18: github.com/gin-gonic/gin.(*Engine).ServeHTTP@/go/pkg/mod/github.com/gin-gonic/gin@v1.7.4/gin.go:445
17: github.com/gin-gonic/gin.(*Engine).handleHTTPRequest@/go/pkg/mod/github.com/gin-gonic/gin@v1.7.4/gin.go:489
16: github.com/gin-gonic/gin.(*Context).Next@/go/pkg/mod/github.com/gin-gonic/gin@v1.7.4/context.go:165
15: github.com/gin-gonic/gin.LoggerWithConfig.func1@/go/pkg/mod/github.com/gin-gonic/gin@v1.7.4/logger.go:241
14: github.com/gin-gonic/gin.(*Context).Next@/go/pkg/mod/github.com/gin-gonic/gin@v1.7.4/context.go:165
13: github.com/gin-gonic/gin.CustomRecoveryWithWriter.func1@/go/pkg/mod/github.com/gin-gonic/gin@v1.7.4/recovery.go:99
12: github.com/gin-gonic/gin.(*Context).Next@/go/pkg/mod/github.com/gin-gonic/gin@v1.7.4/context.go:165
11: github.com/gin-contrib/sessions.Sessions.func1@/go/pkg/mod/github.com/gin-contrib/sessions@v0.0.3/sessions.go:52
10: github.com/gin-gonic/gin.(*Context).Next@/go/pkg/mod/github.com/gin-gonic/gin@v1.7.4/context.go:165
09: app/src/handler.Wrap.func1@/go/idolverse/src/handler/base_handler.go:337
08: app/src/handler.Run@/go/idolverse/src/handler/base_handler.go:306
07: app/src/handler.(*ChatroomHandler).Process@/go/idolverse/src/handler/chatroom.go:23
06: app/src/handler.(*BaseHandler).WriteHtml@/go/idolverse/src/handler/base_handler.go:211
05: github.com/gin-gonic/gin.(*Context).HTML@/go/pkg/mod/github.com/gin-gonic/gin@v1.7.4/context.go:922
04: runtime.sigpanic@/usr/local/go/src/runtime/signal_unix.go:735
03: runtime.panicmem@/usr/local/go/src/runtime/panic.go:221
02: runtime.gopanic@/usr/local/go/src/runtime/panic.go:1038
01: app/src/handler.Wrap.func1.1@/go/idolverse/src/handler/base_handler.go:322
00: app/src/lib/error.StackTrace@/go/idolverse/src/lib/error/trace.go:50
2021-11-29 09:51:47 [ERROR]ProcessError:StatusInternalServerError: panic: runtime error: invalid memory address or nil pointer dereference
2021-11-29 09:52:09 [ERROR]panic: runtime error: invalid memory address or nil pointer dereference
21: runtime.goexit@/usr/local/go/src/runtime/asm_amd64.s:1581
20: net/http.(*conn).serve@/usr/local/go/src/net/http/server.go:1929
19: net/http.serverHandler.ServeHTTP@/usr/local/go/src/net/http/server.go:2878
18: github.com/gin-gonic/gin.(*Engine).ServeHTTP@/go/pkg/mod/github.com/gin-gonic/gin@v1.7.4/gin.go:445
17: github.com/gin-gonic/gin.(*Engine).handleHTTPRequest@/go/pkg/mod/github.com/gin-gonic/gin@v1.7.4/gin.go:489
16: github.com/gin-gonic/gin.(*Context).Next@/go/pkg/mod/github.com/gin-gonic/gin@v1.7.4/context.go:165
15: github.com/gin-gonic/gin.LoggerWithConfig.func1@/go/pkg/mod/github.com/gin-gonic/gin@v1.7.4/logger.go:241
14: github.com/gin-gonic/gin.(*Context).Next@/go/pkg/mod/github.com/gin-gonic/gin@v1.7.4/context.go:165
13: github.com/gin-gonic/gin.CustomRecoveryWithWriter.func1@/go/pkg/mod/github.com/gin-gonic/gin@v1.7.4/recovery.go:99
12: github.com/gin-gonic/gin.(*Context).Next@/go/pkg/mod/github.com/gin-gonic/gin@v1.7.4/context.go:165
11: github.com/gin-contrib/sessions.Sessions.func1@/go/pkg/mod/github.com/gin-contrib/sessions@v0.0.3/sessions.go:52
10: github.com/gin-gonic/gin.(*Context).Next@/go/pkg/mod/github.com/gin-gonic/gin@v1.7.4/context.go:165
09: app/src/handler.Wrap.func1@/go/idolverse/src/handler/base_handler.go:337
08: app/src/handler.Run@/go/idolverse/src/handler/base_handler.go:306
07: app/src/handler.(*ChatroomHandler).Process@/go/idolverse/src/handler/chatroom.go:22
06: app/src/handler.(*BaseHandler).WriteHtml@/go/idolverse/src/handler/base_handler.go:211
05: github.com/gin-gonic/gin.(*Context).HTML@/go/pkg/mod/github.com/gin-gonic/gin@v1.7.4/context.go:922
04: runtime.sigpanic@/usr/local/go/src/runtime/signal_unix.go:735
03: runtime.panicmem@/usr/local/go/src/runtime/panic.go:221
02: runtime.gopanic@/usr/local/go/src/runtime/panic.go:1038
01: app/src/handler.Wrap.func1.1@/go/idolverse/src/handler/base_handler.go:322
00: app/src/lib/error.StackTrace@/go/idolverse/src/lib/error/trace.go:50
2021-11-29 09:52:11 [ERROR]panic: runtime error: invalid memory address or nil pointer dereference
21: runtime.goexit@/usr/local/go/src/runtime/asm_amd64.s:1581
20: net/http.(*conn).serve@/usr/local/go/src/net/http/server.go:1929
19: net/http.serverHandler.ServeHTTP@/usr/local/go/src/net/http/server.go:2878
18: github.com/gin-gonic/gin.(*Engine).ServeHTTP@/go/pkg/mod/github.com/gin-gonic/gin@v1.7.4/gin.go:445
17: github.com/gin-gonic/gin.(*Engine).handleHTTPRequest@/go/pkg/mod/github.com/gin-gonic/gin@v1.7.4/gin.go:489
16: github.com/gin-gonic/gin.(*Context).Next@/go/pkg/mod/github.com/gin-gonic/gin@v1.7.4/context.go:165
15: github.com/gin-gonic/gin.LoggerWithConfig.func1@/go/pkg/mod/github.com/gin-gonic/gin@v1.7.4/logger.go:241
14: github.com/gin-gonic/gin.(*Context).Next@/go/pkg/mod/github.com/gin-gonic/gin@v1.7.4/context.go:165
13: github.com/gin-gonic/gin.CustomRecoveryWithWriter.func1@/go/pkg/mod/github.com/gin-gonic/gin@v1.7.4/recovery.go:99
12: github.com/gin-gonic/gin.(*Context).Next@/go/pkg/mod/github.com/gin-gonic/gin@v1.7.4/context.go:165
11: github.com/gin-contrib/sessions.Sessions.func1@/go/pkg/mod/github.com/gin-contrib/sessions@v0.0.3/sessions.go:52
10: github.com/gin-gonic/gin.(*Context).Next@/go/pkg/mod/github.com/gin-gonic/gin@v1.7.4/context.go:165
09: app/src/handler.Wrap.func1@/go/idolverse/src/handler/base_handler.go:337
08: app/src/handler.Run@/go/idolverse/src/handler/base_handler.go:306
07: app/src/handler.(*ChatroomHandler).Process@/go/idolverse/src/handler/chatroom.go:22
06: app/src/handler.(*BaseHandler).WriteHtml@/go/idolverse/src/handler/base_handler.go:211
05: github.com/gin-gonic/gin.(*Context).HTML@/go/pkg/mod/github.com/gin-gonic/gin@v1.7.4/context.go:922
04: runtime.sigpanic@/usr/local/go/src/runtime/signal_unix.go:735
03: runtime.panicmem@/usr/local/go/src/runtime/panic.go:221
02: runtime.gopanic@/usr/local/go/src/runtime/panic.go:1038
01: app/src/handler.Wrap.func1.1@/go/idolverse/src/handler/base_handler.go:322
00: app/src/lib/error.StackTrace@/go/idolverse/src/lib/error/trace.go:50
2021-11-29 09:52:12 [ERROR]panic: runtime error: invalid memory address or nil pointer dereference
21: runtime.goexit@/usr/local/go/src/runtime/asm_amd64.s:1581
20: net/http.(*conn).serve@/usr/local/go/src/net/http/server.go:1929
19: net/http.serverHandler.ServeHTTP@/usr/local/go/src/net/http/server.go:2878
18: github.com/gin-gonic/gin.(*Engine).ServeHTTP@/go/pkg/mod/github.com/gin-gonic/gin@v1.7.4/gin.go:445
17: github.com/gin-gonic/gin.(*Engine).handleHTTPRequest@/go/pkg/mod/github.com/gin-gonic/gin@v1.7.4/gin.go:489
16: github.com/gin-gonic/gin.(*Context).Next@/go/pkg/mod/github.com/gin-gonic/gin@v1.7.4/context.go:165
15: github.com/gin-gonic/gin.LoggerWithConfig.func1@/go/pkg/mod/github.com/gin-gonic/gin@v1.7.4/logger.go:241
14: github.com/gin-gonic/gin.(*Context).Next@/go/pkg/mod/github.com/gin-gonic/gin@v1.7.4/context.go:165
13: github.com/gin-gonic/gin.CustomRecoveryWithWriter.func1@/go/pkg/mod/github.com/gin-gonic/gin@v1.7.4/recovery.go:99
12: github.com/gin-gonic/gin.(*Context).Next@/go/pkg/mod/github.com/gin-gonic/gin@v1.7.4/context.go:165
11: github.com/gin-contrib/sessions.Sessions.func1@/go/pkg/mod/github.com/gin-contrib/sessions@v0.0.3/sessions.go:52
10: github.com/gin-gonic/gin.(*Context).Next@/go/pkg/mod/github.com/gin-gonic/gin@v1.7.4/context.go:165
09: app/src/handler.Wrap.func1@/go/idolverse/src/handler/base_handler.go:337
08: app/src/handler.Run@/go/idolverse/src/handler/base_handler.go:306
07: app/src/handler.(*ChatroomHandler).Process@/go/idolverse/src/handler/chatroom.go:22
06: app/src/handler.(*BaseHandler).WriteHtml@/go/idolverse/src/handler/base_handler.go:211
05: github.com/gin-gonic/gin.(*Context).HTML@/go/pkg/mod/github.com/gin-gonic/gin@v1.7.4/context.go:922
04: runtime.sigpanic@/usr/local/go/src/runtime/signal_unix.go:735
03: runtime.panicmem@/usr/local/go/src/runtime/panic.go:221
02: runtime.gopanic@/usr/local/go/src/runtime/panic.go:1038
01: app/src/handler.Wrap.func1.1@/go/idolverse/src/handler/base_handler.go:322
00: app/src/lib/error.StackTrace@/go/idolverse/src/lib/error/trace.go:50
2021-11-29 09:52:22 [ERROR]panic: runtime error: invalid memory address or nil pointer dereference
21: runtime.goexit@/usr/local/go/src/runtime/asm_amd64.s:1581
20: net/http.(*conn).serve@/usr/local/go/src/net/http/server.go:1929
19: net/http.serverHandler.ServeHTTP@/usr/local/go/src/net/http/server.go:2878
18: github.com/gin-gonic/gin.(*Engine).ServeHTTP@/go/pkg/mod/github.com/gin-gonic/gin@v1.7.4/gin.go:445
17: github.com/gin-gonic/gin.(*Engine).handleHTTPRequest@/go/pkg/mod/github.com/gin-gonic/gin@v1.7.4/gin.go:489
16: github.com/gin-gonic/gin.(*Context).Next@/go/pkg/mod/github.com/gin-gonic/gin@v1.7.4/context.go:165
15: github.com/gin-gonic/gin.LoggerWithConfig.func1@/go/pkg/mod/github.com/gin-gonic/gin@v1.7.4/logger.go:241
14: github.com/gin-gonic/gin.(*Context).Next@/go/pkg/mod/github.com/gin-gonic/gin@v1.7.4/context.go:165
13: github.com/gin-gonic/gin.CustomRecoveryWithWriter.func1@/go/pkg/mod/github.com/gin-gonic/gin@v1.7.4/recovery.go:99
12: github.com/gin-gonic/gin.(*Context).Next@/go/pkg/mod/github.com/gin-gonic/gin@v1.7.4/context.go:165
11: github.com/gin-contrib/sessions.Sessions.func1@/go/pkg/mod/github.com/gin-contrib/sessions@v0.0.3/sessions.go:52
10: github.com/gin-gonic/gin.(*Context).Next@/go/pkg/mod/github.com/gin-gonic/gin@v1.7.4/context.go:165
09: app/src/handler.Wrap.func1@/go/idolverse/src/handler/base_handler.go:337
08: app/src/handler.Run@/go/idolverse/src/handler/base_handler.go:306
07: app/src/handler.(*ChatroomHandler).Process@/go/idolverse/src/handler/chatroom.go:22
06: app/src/handler.(*BaseHandler).WriteHtml@/go/idolverse/src/handler/base_handler.go:211
05: github.com/gin-gonic/gin.(*Context).HTML@/go/pkg/mod/github.com/gin-gonic/gin@v1.7.4/context.go:922
04: runtime.sigpanic@/usr/local/go/src/runtime/signal_unix.go:735
03: runtime.panicmem@/usr/local/go/src/runtime/panic.go:221
02: runtime.gopanic@/usr/local/go/src/runtime/panic.go:1038
01: app/src/handler.Wrap.func1.1@/go/idolverse/src/handler/base_handler.go:322
00: app/src/lib/error.StackTrace@/go/idolverse/src/lib/error/trace.go:50
2021-11-29 09:52:52 [ERROR]panic: runtime error: invalid memory address or nil pointer dereference
21: runtime.goexit@/usr/local/go/src/runtime/asm_amd64.s:1581
20: net/http.(*conn).serve@/usr/local/go/src/net/http/server.go:1929
19: net/http.serverHandler.ServeHTTP@/usr/local/go/src/net/http/server.go:2878
18: github.com/gin-gonic/gin.(*Engine).ServeHTTP@/go/pkg/mod/github.com/gin-gonic/gin@v1.7.4/gin.go:445
17: github.com/gin-gonic/gin.(*Engine).handleHTTPRequest@/go/pkg/mod/github.com/gin-gonic/gin@v1.7.4/gin.go:489
16: github.com/gin-gonic/gin.(*Context).Next@/go/pkg/mod/github.com/gin-gonic/gin@v1.7.4/context.go:165
15: github.com/gin-gonic/gin.LoggerWithConfig.func1@/go/pkg/mod/github.com/gin-gonic/gin@v1.7.4/logger.go:241
14: github.com/gin-gonic/gin.(*Context).Next@/go/pkg/mod/github.com/gin-gonic/gin@v1.7.4/context.go:165
13: github.com/gin-gonic/gin.CustomRecoveryWithWriter.func1@/go/pkg/mod/github.com/gin-gonic/gin@v1.7.4/recovery.go:99
12: github.com/gin-gonic/gin.(*Context).Next@/go/pkg/mod/github.com/gin-gonic/gin@v1.7.4/context.go:165
11: github.com/gin-contrib/sessions.Sessions.func1@/go/pkg/mod/github.com/gin-contrib/sessions@v0.0.3/sessions.go:52
10: github.com/gin-gonic/gin.(*Context).Next@/go/pkg/mod/github.com/gin-gonic/gin@v1.7.4/context.go:165
09: app/src/handler.Wrap.func1@/go/idolverse/src/handler/base_handler.go:337
08: app/src/handler.Run@/go/idolverse/src/handler/base_handler.go:306
07: app/src/handler.(*ChatroomHandler).Process@/go/idolverse/src/handler/chatroom.go:22
06: app/src/handler.(*BaseHandler).WriteHtml@/go/idolverse/src/handler/base_handler.go:211
05: github.com/gin-gonic/gin.(*Context).HTML@/go/pkg/mod/github.com/gin-gonic/gin@v1.7.4/context.go:922
04: runtime.sigpanic@/usr/local/go/src/runtime/signal_unix.go:735
03: runtime.panicmem@/usr/local/go/src/runtime/panic.go:221
02: runtime.gopanic@/usr/local/go/src/runtime/panic.go:1038
01: app/src/handler.Wrap.func1.1@/go/idolverse/src/handler/base_handler.go:322
00: app/src/lib/error.StackTrace@/go/idolverse/src/lib/error/trace.go:50
2021-11-29 09:54:24 [ERROR]panic: runtime error: invalid memory address or nil pointer dereference
21: runtime.goexit@/usr/local/go/src/runtime/asm_amd64.s:1581
20: net/http.(*conn).serve@/usr/local/go/src/net/http/server.go:1929
19: net/http.serverHandler.ServeHTTP@/usr/local/go/src/net/http/server.go:2878
18: github.com/gin-gonic/gin.(*Engine).ServeHTTP@/go/pkg/mod/github.com/gin-gonic/gin@v1.7.4/gin.go:445
17: github.com/gin-gonic/gin.(*Engine).handleHTTPRequest@/go/pkg/mod/github.com/gin-gonic/gin@v1.7.4/gin.go:489
16: github.com/gin-gonic/gin.(*Context).Next@/go/pkg/mod/github.com/gin-gonic/gin@v1.7.4/context.go:165
15: github.com/gin-gonic/gin.LoggerWithConfig.func1@/go/pkg/mod/github.com/gin-gonic/gin@v1.7.4/logger.go:241
14: github.com/gin-gonic/gin.(*Context).Next@/go/pkg/mod/github.com/gin-gonic/gin@v1.7.4/context.go:165
13: github.com/gin-gonic/gin.CustomRecoveryWithWriter.func1@/go/pkg/mod/github.com/gin-gonic/gin@v1.7.4/recovery.go:99
12: github.com/gin-gonic/gin.(*Context).Next@/go/pkg/mod/github.com/gin-gonic/gin@v1.7.4/context.go:165
11: github.com/gin-contrib/sessions.Sessions.func1@/go/pkg/mod/github.com/gin-contrib/sessions@v0.0.3/sessions.go:52
10: github.com/gin-gonic/gin.(*Context).Next@/go/pkg/mod/github.com/gin-gonic/gin@v1.7.4/context.go:165
09: app/src/handler.Wrap.func1@/go/idolverse/src/handler/base_handler.go:337
08: app/src/handler.Run@/go/idolverse/src/handler/base_handler.go:306
07: app/src/handler.(*ChatroomHandler).Process@/go/idolverse/src/handler/chatroom.go:25
06: app/src/handler.(*BaseHandler).WriteHtml@/go/idolverse/src/handler/base_handler.go:211
05: github.com/gin-gonic/gin.(*Context).HTML@/go/pkg/mod/github.com/gin-gonic/gin@v1.7.4/context.go:922
04: runtime.sigpanic@/usr/local/go/src/runtime/signal_unix.go:735
03: runtime.panicmem@/usr/local/go/src/runtime/panic.go:221
02: runtime.gopanic@/usr/local/go/src/runtime/panic.go:1038
01: app/src/handler.Wrap.func1.1@/go/idolverse/src/handler/base_handler.go:322
00: app/src/lib/error.StackTrace@/go/idolverse/src/lib/error/trace.go:50
2021-11-29 09:58:07 [ERROR]panic: runtime error: invalid memory address or nil pointer dereference
21: runtime.goexit@/usr/local/go/src/runtime/asm_amd64.s:1581
20: net/http.(*conn).serve@/usr/local/go/src/net/http/server.go:1929
19: net/http.serverHandler.ServeHTTP@/usr/local/go/src/net/http/server.go:2878
18: github.com/gin-gonic/gin.(*Engine).ServeHTTP@/go/pkg/mod/github.com/gin-gonic/gin@v1.7.4/gin.go:445
17: github.com/gin-gonic/gin.(*Engine).handleHTTPRequest@/go/pkg/mod/github.com/gin-gonic/gin@v1.7.4/gin.go:489
16: github.com/gin-gonic/gin.(*Context).Next@/go/pkg/mod/github.com/gin-gonic/gin@v1.7.4/context.go:165
15: github.com/gin-gonic/gin.LoggerWithConfig.func1@/go/pkg/mod/github.com/gin-gonic/gin@v1.7.4/logger.go:241
14: github.com/gin-gonic/gin.(*Context).Next@/go/pkg/mod/github.com/gin-gonic/gin@v1.7.4/context.go:165
13: github.com/gin-gonic/gin.CustomRecoveryWithWriter.func1@/go/pkg/mod/github.com/gin-gonic/gin@v1.7.4/recovery.go:99
12: github.com/gin-gonic/gin.(*Context).Next@/go/pkg/mod/github.com/gin-gonic/gin@v1.7.4/context.go:165
11: github.com/gin-contrib/sessions.Sessions.func1@/go/pkg/mod/github.com/gin-contrib/sessions@v0.0.3/sessions.go:52
10: github.com/gin-gonic/gin.(*Context).Next@/go/pkg/mod/github.com/gin-gonic/gin@v1.7.4/context.go:165
09: app/src/handler.Wrap.func1@/go/idolverse/src/handler/base_handler.go:337
08: app/src/handler.Run@/go/idolverse/src/handler/base_handler.go:306
07: app/src/handler.(*ChatroomHandler).Process@/go/idolverse/src/handler/chatroom.go:25
06: app/src/handler.(*BaseHandler).WriteHtml@/go/idolverse/src/handler/base_handler.go:211
05: github.com/gin-gonic/gin.(*Context).HTML@/go/pkg/mod/github.com/gin-gonic/gin@v1.7.4/context.go:922
04: runtime.sigpanic@/usr/local/go/src/runtime/signal_unix.go:735
03: runtime.panicmem@/usr/local/go/src/runtime/panic.go:221
02: runtime.gopanic@/usr/local/go/src/runtime/panic.go:1038
01: app/src/handler.Wrap.func1.1@/go/idolverse/src/handler/base_handler.go:322
00: app/src/lib/error.StackTrace@/go/idolverse/src/lib/error/trace.go:50
2021-11-29 09:58:14 [ERROR]panic: runtime error: invalid memory address or nil pointer dereference
21: runtime.goexit@/usr/local/go/src/runtime/asm_amd64.s:1581
20: net/http.(*conn).serve@/usr/local/go/src/net/http/server.go:1929
19: net/http.serverHandler.ServeHTTP@/usr/local/go/src/net/http/server.go:2878
18: github.com/gin-gonic/gin.(*Engine).ServeHTTP@/go/pkg/mod/github.com/gin-gonic/gin@v1.7.4/gin.go:445
17: github.com/gin-gonic/gin.(*Engine).handleHTTPRequest@/go/pkg/mod/github.com/gin-gonic/gin@v1.7.4/gin.go:489
16: github.com/gin-gonic/gin.(*Context).Next@/go/pkg/mod/github.com/gin-gonic/gin@v1.7.4/context.go:165
15: github.com/gin-gonic/gin.LoggerWithConfig.func1@/go/pkg/mod/github.com/gin-gonic/gin@v1.7.4/logger.go:241
14: github.com/gin-gonic/gin.(*Context).Next@/go/pkg/mod/github.com/gin-gonic/gin@v1.7.4/context.go:165
13: github.com/gin-gonic/gin.CustomRecoveryWithWriter.func1@/go/pkg/mod/github.com/gin-gonic/gin@v1.7.4/recovery.go:99
12: github.com/gin-gonic/gin.(*Context).Next@/go/pkg/mod/github.com/gin-gonic/gin@v1.7.4/context.go:165
11: github.com/gin-contrib/sessions.Sessions.func1@/go/pkg/mod/github.com/gin-contrib/sessions@v0.0.3/sessions.go:52
10: github.com/gin-gonic/gin.(*Context).Next@/go/pkg/mod/github.com/gin-gonic/gin@v1.7.4/context.go:165
09: app/src/handler.Wrap.func1@/go/idolverse/src/handler/base_handler.go:337
08: app/src/handler.Run@/go/idolverse/src/handler/base_handler.go:306
07: app/src/handler.(*ChatroomHandler).Process@/go/idolverse/src/handler/chatroom.go:25
06: app/src/handler.(*BaseHandler).WriteHtml@/go/idolverse/src/handler/base_handler.go:211
05: github.com/gin-gonic/gin.(*Context).HTML@/go/pkg/mod/github.com/gin-gonic/gin@v1.7.4/context.go:922
04: runtime.sigpanic@/usr/local/go/src/runtime/signal_unix.go:735
03: runtime.panicmem@/usr/local/go/src/runtime/panic.go:221
02: runtime.gopanic@/usr/local/go/src/runtime/panic.go:1038
01: app/src/handler.Wrap.func1.1@/go/idolverse/src/handler/base_handler.go:322
00: app/src/lib/error.StackTrace@/go/idolverse/src/lib/error/trace.go:50
2021-11-29 10:03:47 [ERROR]panic: runtime error: invalid memory address or nil pointer dereference
21: runtime.goexit@/usr/local/go/src/runtime/asm_amd64.s:1581
20: net/http.(*conn).serve@/usr/local/go/src/net/http/server.go:1929
19: net/http.serverHandler.ServeHTTP@/usr/local/go/src/net/http/server.go:2878
18: github.com/gin-gonic/gin.(*Engine).ServeHTTP@/go/pkg/mod/github.com/gin-gonic/gin@v1.7.4/gin.go:445
17: github.com/gin-gonic/gin.(*Engine).handleHTTPRequest@/go/pkg/mod/github.com/gin-gonic/gin@v1.7.4/gin.go:489
16: github.com/gin-gonic/gin.(*Context).Next@/go/pkg/mod/github.com/gin-gonic/gin@v1.7.4/context.go:165
15: github.com/gin-gonic/gin.LoggerWithConfig.func1@/go/pkg/mod/github.com/gin-gonic/gin@v1.7.4/logger.go:241
14: github.com/gin-gonic/gin.(*Context).Next@/go/pkg/mod/github.com/gin-gonic/gin@v1.7.4/context.go:165
13: github.com/gin-gonic/gin.CustomRecoveryWithWriter.func1@/go/pkg/mod/github.com/gin-gonic/gin@v1.7.4/recovery.go:99
12: github.com/gin-gonic/gin.(*Context).Next@/go/pkg/mod/github.com/gin-gonic/gin@v1.7.4/context.go:165
11: github.com/gin-contrib/sessions.Sessions.func1@/go/pkg/mod/github.com/gin-contrib/sessions@v0.0.3/sessions.go:52
10: github.com/gin-gonic/gin.(*Context).Next@/go/pkg/mod/github.com/gin-gonic/gin@v1.7.4/context.go:165
09: app/src/handler.Wrap.func1@/go/idolverse/src/handler/base_handler.go:337
08: app/src/handler.Run@/go/idolverse/src/handler/base_handler.go:306
07: app/src/handler.(*ChatroomHandler).Process@/go/idolverse/src/handler/chatroom.go:23
06: app/src/handler.(*BaseHandler).WriteHtml@/go/idolverse/src/handler/base_handler.go:211
05: github.com/gin-gonic/gin.(*Context).HTML@/go/pkg/mod/github.com/gin-gonic/gin@v1.7.4/context.go:922
04: runtime.sigpanic@/usr/local/go/src/runtime/signal_unix.go:735
03: runtime.panicmem@/usr/local/go/src/runtime/panic.go:221
02: runtime.gopanic@/usr/local/go/src/runtime/panic.go:1038
01: app/src/handler.Wrap.func1.1@/go/idolverse/src/handler/base_handler.go:322
00: app/src/lib/error.StackTrace@/go/idolverse/src/lib/error/trace.go:50
2021-11-29 10:06:15 [ERROR]panic: runtime error: invalid memory address or nil pointer dereference
21: runtime.goexit@/usr/local/go/src/runtime/asm_amd64.s:1581
20: net/http.(*conn).serve@/usr/local/go/src/net/http/server.go:1929
19: net/http.serverHandler.ServeHTTP@/usr/local/go/src/net/http/server.go:2878
18: github.com/gin-gonic/gin.(*Engine).ServeHTTP@/go/pkg/mod/github.com/gin-gonic/gin@v1.7.4/gin.go:445
17: github.com/gin-gonic/gin.(*Engine).handleHTTPRequest@/go/pkg/mod/github.com/gin-gonic/gin@v1.7.4/gin.go:489
16: github.com/gin-gonic/gin.(*Context).Next@/go/pkg/mod/github.com/gin-gonic/gin@v1.7.4/context.go:165
15: github.com/gin-gonic/gin.LoggerWithConfig.func1@/go/pkg/mod/github.com/gin-gonic/gin@v1.7.4/logger.go:241
14: github.com/gin-gonic/gin.(*Context).Next@/go/pkg/mod/github.com/gin-gonic/gin@v1.7.4/context.go:165
13: github.com/gin-gonic/gin.CustomRecoveryWithWriter.func1@/go/pkg/mod/github.com/gin-gonic/gin@v1.7.4/recovery.go:99
12: github.com/gin-gonic/gin.(*Context).Next@/go/pkg/mod/github.com/gin-gonic/gin@v1.7.4/context.go:165
11: github.com/gin-contrib/sessions.Sessions.func1@/go/pkg/mod/github.com/gin-contrib/sessions@v0.0.3/sessions.go:52
10: github.com/gin-gonic/gin.(*Context).Next@/go/pkg/mod/github.com/gin-gonic/gin@v1.7.4/context.go:165
09: app/src/handler.Wrap.func1@/go/idolverse/src/handler/base_handler.go:337
08: app/src/handler.Run@/go/idolverse/src/handler/base_handler.go:306
07: app/src/handler.(*ChatroomHandler).Process@/go/idolverse/src/handler/chatroom.go:25
06: app/src/handler.(*BaseHandler).WriteHtml@/go/idolverse/src/handler/base_handler.go:211
05: github.com/gin-gonic/gin.(*Context).HTML@/go/pkg/mod/github.com/gin-gonic/gin@v1.7.4/context.go:922
04: runtime.sigpanic@/usr/local/go/src/runtime/signal_unix.go:735
03: runtime.panicmem@/usr/local/go/src/runtime/panic.go:221
02: runtime.gopanic@/usr/local/go/src/runtime/panic.go:1038
01: app/src/handler.Wrap.func1.1@/go/idolverse/src/handler/base_handler.go:322
00: app/src/lib/error.StackTrace@/go/idolverse/src/lib/error/trace.go:50
